
Unexpected Signal : 11 occurred at PC=0xB4627770
Function=(null)
Library=/usr/local/matlab7/sys/java/jre/glnx86/jre1.4.2/lib/i386/client/libjvm.so

NOTE: We are unable to locate the function name symbol for the error
      just occurred. Please refer to release documentation for possible
      reason and solutions.


Current Java thread:

Dynamic libraries:
004b0000-004fd000 r-xp 00000000 03:02 390719     /usr/X11R6/lib/libXt.so.6.0
004fd000-00501000 rwxp 0004c000 03:02 390719     /usr/X11R6/lib/libXt.so.6.0
007c6000-007db000 r-xp 00000000 03:05 80170      /lib/ld-2.3.5.so
007dc000-007dd000 r-xp 00015000 03:05 80170      /lib/ld-2.3.5.so
007dd000-007de000 rwxp 00016000 03:05 80170      /lib/ld-2.3.5.so
007e0000-00903000 r-xp 00000000 03:05 80176      /lib/tls/libc-2.3.5.so
00903000-00904000 --xp 00123000 03:05 80176      /lib/tls/libc-2.3.5.so
00904000-00906000 r-xp 00123000 03:05 80176      /lib/tls/libc-2.3.5.so
00906000-00908000 rwxp 00125000 03:05 80176      /lib/tls/libc-2.3.5.so
0090c000-0092d000 r-xp 00000000 03:05 80179      /lib/tls/libm-2.3.5.so
0092d000-0092e000 r-xp 00020000 03:05 80179      /lib/tls/libm-2.3.5.so
0092e000-0092f000 rwxp 00021000 03:05 80179      /lib/tls/libm-2.3.5.so
00931000-00933000 r-xp 00000000 03:05 80181      /lib/libdl-2.3.5.so
00933000-00934000 r-xp 00001000 03:05 80181      /lib/libdl-2.3.5.so
00934000-00935000 rwxp 00002000 03:05 80181      /lib/libdl-2.3.5.so
00937000-009fa000 r-xp 00000000 03:02 388182     /usr/X11R6/lib/libX11.so.6.2
009fa000-009fe000 rwxp 000c3000 03:02 388182     /usr/X11R6/lib/libX11.so.6.2
00a12000-00a1f000 r-xp 00000000 03:02 388183     /usr/X11R6/lib/libXext.so.6.4
00a1f000-00a20000 rwxp 0000c000 03:02 388183     /usr/X11R6/lib/libXext.so.6.4
00a22000-00a30000 r-xp 00000000 03:05 80183      /lib/tls/libpthread-2.3.5.so
00a30000-00a31000 r-xp 0000d000 03:05 80183      /lib/tls/libpthread-2.3.5.so
00a31000-00a32000 rwxp 0000e000 03:05 80183      /lib/tls/libpthread-2.3.5.so
00a36000-00a4b000 r-xp 00000000 03:02 388588     /usr/X11R6/lib/libICE.so.6.3
00a4b000-00a4c000 rwxp 00014000 03:02 388588     /usr/X11R6/lib/libICE.so.6.3
00a50000-00a57000 r-xp 00000000 03:02 388631     /usr/X11R6/lib/libSM.so.6.0
00a57000-00a58000 rwxp 00007000 03:02 388631     /usr/X11R6/lib/libSM.so.6.0
00b17000-00b1e000 r-xp 00000000 03:02 388203     /usr/X11R6/lib/libXrender.so.1.2.2
00b1e000-00b1f000 rwxp 00006000 03:02 388203     /usr/X11R6/lib/libXrender.so.1.2.2
00b3f000-00b47000 r-xp 00000000 03:02 388229     /usr/X11R6/lib/libXcursor.so.1.0.2
00b47000-00b48000 rwxp 00007000 03:02 388229     /usr/X11R6/lib/libXcursor.so.1.0.2
00bc7000-00bd6000 r-xp 00000000 03:05 80193      /lib/libresolv-2.3.5.so
00bd6000-00bd7000 --xp 0000f000 03:05 80193      /lib/libresolv-2.3.5.so
00bd7000-00bd8000 r-xp 0000f000 03:05 80193      /lib/libresolv-2.3.5.so
00bd8000-00bd9000 rwxp 00010000 03:05 80193      /lib/libresolv-2.3.5.so
00dea000-00dec000 r-xp 00000000 03:05 80199      /lib/libcom_err.so.2.1
00dec000-00ded000 rwxp 00001000 03:05 80199      /lib/libcom_err.so.2.1
07fa6000-07fb8000 r-xp 00000000 03:05 80215      /lib/libnsl-2.3.5.so
07fb8000-07fb9000 r-xp 00011000 03:05 80215      /lib/libnsl-2.3.5.so
07fb9000-07fba000 rwxp 00012000 03:05 80215      /lib/libnsl-2.3.5.so
08048000-0804b000 r-xp 00000000 03:03 224564     /usr/local/matlab7/bin/glnx86/MATLAB
0804b000-0804d000 rwxp 00002000 03:03 224564     /usr/local/matlab7/bin/glnx86/MATLAB
09bb7000-0accd000 rwxp 09bb7000 00:00 0          [heap]
a52c5000-a52e1000 r-xp 00000000 03:03 224842     /usr/local/matlab7/sys/os/glnx86/libiberty.so
a52e1000-a52e3000 rwxp 0001b000 03:03 224842     /usr/local/matlab7/sys/os/glnx86/libiberty.so
a52e3000-a52e5000 r-xp 00000000 03:03 321774     /usr/local/matlab7/toolbox/matlab/ops/ismembc2.mexglx
a52e5000-a52e6000 rwxp 00001000 03:03 321774     /usr/local/matlab7/toolbox/matlab/ops/ismembc2.mexglx
a53a7000-a53a8000 rwxs 00000000 00:07 18841611   /SYSV00000000 (deleted)
a5517000-a5583000 r-xp 00000000 03:03 224823     /usr/local/matlab7/sys/opengl/lib/glnx86/libGLU.so
a5583000-a558c000 rwxp 0006b000 03:03 224823     /usr/local/matlab7/sys/opengl/lib/glnx86/libGLU.so
a558c000-a576b000 r-xp 00000000 03:03 224821     /usr/local/matlab7/sys/opengl/lib/glnx86/libGL.so
a576b000-a5781000 rwxp 001de000 03:03 224821     /usr/local/matlab7/sys/opengl/lib/glnx86/libGL.so
a578c000-a5b10000 r-xp 00000000 03:03 224614     /usr/local/matlab7/bin/glnx86/libmkl_p4.so
a5b10000-a5bbb000 rwxp 00384000 03:03 224614     /usr/local/matlab7/bin/glnx86/libmkl_p4.so
a5d0a000-a5d2c000 r-xp 00000000 03:03 224580     /usr/local/matlab7/bin/glnx86/glren_mesa.so
a5d2c000-a5d31000 rwxp 00021000 03:03 224580     /usr/local/matlab7/bin/glnx86/glren_mesa.so
a5d72000-a5d82000 r-xp 00000000 03:03 226008     /usr/local/matlab7/sys/java/jre/glnx86/jre1.4.2/lib/i386/libnet.so
a5d82000-a5d83000 rwxp 0000f000 03:03 226008     /usr/local/matlab7/sys/java/jre/glnx86/jre1.4.2/lib/i386/libnet.so
a5dce000-a5e12000 r-xp 00000000 03:03 224623     /usr/local/matlab7/bin/glnx86/libmwbuiltins.so
a5e12000-a5e1c000 rwxp 00043000 03:03 224623     /usr/local/matlab7/bin/glnx86/libmwbuiltins.so
a66d6000-a6790000 r-xp 00000000 03:03 225993     /usr/local/matlab7/sys/java/jre/glnx86/jre1.4.2/lib/i386/libfontmanager.so
a6790000-a67ab000 rwxp 000b9000 03:03 225993     /usr/local/matlab7/sys/java/jre/glnx86/jre1.4.2/lib/i386/libfontmanager.so
a67ac000-a67b0000 r-xp 00000000 03:02 388215     /usr/X11R6/lib/libXtst.so.6.1
a67b0000-a67b1000 rwxp 00003000 03:02 388215     /usr/X11R6/lib/libXtst.so.6.1
a67b9000-a67bb000 r-xp 00000000 03:03 321772     /usr/local/matlab7/toolbox/matlab/ops/ismembc.mexglx
a67bb000-a67bc000 rwxp 00001000 03:03 321772     /usr/local/matlab7/toolbox/matlab/ops/ismembc.mexglx
a67bc000-a67be000 r-xp 00000000 03:03 227623     /usr/local/matlab7/toolbox/matlab/datatypes/cellfun.mexglx
a67be000-a67bf000 rwxp 00001000 03:03 227623     /usr/local/matlab7/toolbox/matlab/datatypes/cellfun.mexglx
a67bf000-a67c0000 r-xp 00000000 03:02 384132     /usr/X11R6/lib/X11/locale/lib/common/xlcUTF8Load.so.2
a67c0000-a67c1000 rwxp 00000000 03:02 384132     /usr/X11R6/lib/X11/locale/lib/common/xlcUTF8Load.so.2
a67c1000-a67c7000 r-xs 00000000 03:02 436913     /usr/lib/gconv/gconv-modules.cache
a67c7000-a681a000 r-xp 00000000 03:03 226006     /usr/local/matlab7/sys/java/jre/glnx86/jre1.4.2/lib/i386/libmlib_image.so
a681a000-a681b000 rwxp 00052000 03:03 226006     /usr/local/matlab7/sys/java/jre/glnx86/jre1.4.2/lib/i386/libmlib_image.so
a681b000-a6aec000 r-xp 00000000 03:03 225989     /usr/local/matlab7/sys/java/jre/glnx86/jre1.4.2/lib/i386/libawt.so
a6aec000-a6b02000 rwxp 002d0000 03:03 225989     /usr/local/matlab7/sys/java/jre/glnx86/jre1.4.2/lib/i386/libawt.so
a6b27000-a6cce000 r-xs 00000000 03:03 386412     /usr/local/matlab7/java/jarext/xercesImpl.jar
a6cce000-a6ce9000 r-xs 00000000 03:03 386413     /usr/local/matlab7/java/jarext/xml-apis.jar
a6ce9000-a6dc7000 r-xs 00000000 03:03 386410     /usr/local/matlab7/java/jarext/xalan.jar
a6dc7000-a6de2000 r-xs 00000000 03:03 386409     /usr/local/matlab7/java/jarext/wsdl4j.jar
a6de2000-a6df5000 r-xs 00000000 03:03 386407     /usr/local/matlab7/java/jarext/vb20.jar
a6df5000-a6e8e000 r-xs 00000000 03:03 386405     /usr/local/matlab7/java/jarext/saxon.jar
a6e8e000-a6e93000 r-xs 00000000 03:03 386404     /usr/local/matlab7/java/jarext/saaj.jar
a6e93000-a6eae000 r-xs 00000000 03:03 386403     /usr/local/matlab7/java/jarext/mwucarunits.jar
a6eae000-a6ecb000 r-xs 00000000 03:03 386401     /usr/local/matlab7/java/jarext/junit.jar
a6ecb000-a6ed4000 r-xs 00000000 03:03 386400     /usr/local/matlab7/java/jarext/jaxrpc.jar
a6ed4000-a6ee0000 r-xs 00000000 03:03 386399     /usr/local/matlab7/java/jarext/jaccess-1_4.jar
a6ee0000-a6f07000 r-xs 00000000 03:03 386374     /usr/local/matlab7/java/jarext/J2PrinterWorks.jar
a6f07000-a6f42000 r-xs 00000000 03:03 386398     /usr/local/matlab7/java/jarext/ice/icessl.jar
a6f42000-a6f43000 r-xs 00000000 03:03 386397     /usr/local/matlab7/java/jarext/ice/ib6xalan.jar
a6f43000-a6f5a000 r-xs 00000000 03:03 386396     /usr/local/matlab7/java/jarext/ice/ib6util.jar
a6f5a000-a6f69000 r-xs 00000000 03:03 386395     /usr/local/matlab7/java/jarext/ice/ib6swing.jar
a6f69000-a6fb1000 r-xs 00000000 03:03 386394     /usr/local/matlab7/java/jarext/ice/ib6js.jar
a6fb1000-a6fb2000 r-xs 00000000 03:03 386393     /usr/local/matlab7/java/jarext/ice/ib6https.jar
a6fb2000-a6fcb000 r-xs 00000000 03:03 386392     /usr/local/matlab7/java/jarext/ice/ib6http.jar
a6fcb000-a6fdf000 r-xs 00000000 03:03 386391     /usr/local/matlab7/java/jarext/ice/ib6extra.jar
a6fdf000-a7066000 r-xs 00000000 03:03 386390     /usr/local/matlab7/java/jarext/ice/ib6core.jar
a7066000-a7083000 r-xs 00000000 03:03 386388     /usr/local/matlab7/java/jarext/commons-net-1.0.0.jar
a7083000-a708b000 r-xs 00000000 03:03 386386     /usr/local/matlab7/java/jarext/commons-logging.jar
a708b000-a709d000 r-xs 00000000 03:03 386384     /usr/local/matlab7/java/jarext/commons-discovery.jar
a709d000-a70ac000 r-xs 00000000 03:03 386383     /usr/local/matlab7/java/jarext/commapi/comm.jar
a70ac000-a70ec000 r-xs 00000000 03:03 386381     /usr/local/matlab7/java/jarext/collections.jar
a70ec000-a721a000 r-xs 00000000 03:03 386379     /usr/local/matlab7/java/jarext/axis.jar
a721a000-a722a000 r-xs 00000000 03:03 386377     /usr/local/matlab7/java/jarext/avalon.jar
a722a000-a7231000 r-xs 00000000 03:03 386376     /usr/local/matlab7/java/jarext/audio.jar
a7231000-a723a000 r-xs 00000000 03:03 386375     /usr/local/matlab7/java/jarext/access-bridge.jar
a723a000-a724d000 r-xs 00000000 03:03 386402     /usr/local/matlab7/java/jarext/mwjava2specific.jar
a724d000-a724f000 r-xs 00000000 03:03 386372     /usr/local/matlab7/java/jar/xml.jar
a724f000-a7256000 r-xs 00000000 03:03 386370     /usr/local/matlab7/java/jar/verctrl.jar
a7256000-a7261000 r-xs 00000000 03:03 386367     /usr/local/matlab7/java/jar/toolbox/vr.jar
a7261000-a728b000 r-xs 00000000 03:03 386354     /usr/local/matlab7/java/jar/toolbox/testmeas.jar
a728b000-a72ad000 r-xs 00000000 03:03 386363     /usr/local/matlab7/java/jar/toolbox/stateflow.jar
a72ad000-a72d5000 r-xs 00000000 03:03 386368     /usr/local/matlab7/java/jar/toolbox/slcontrol.jar
a72d5000-a739f000 r-xs 00000000 03:03 386362     /usr/local/matlab7/java/jar/toolbox/simulink.jar
a739f000-a73b3000 r-xs 00000000 03:03 386353     /usr/local/matlab7/java/jar/toolbox/rptgencore.jar
a73b3000-a74d2000 r-xs 00000000 03:03 386365     /usr/local/matlab7/java/jar/toolbox/powersys.jar
a74d2000-a7505000 r-xs 00000000 03:03 386364     /usr/local/matlab7/java/jar/toolbox/physmod.jar
a7505000-a7506000 r-xs 00000000 03:03 386358     /usr/local/matlab7/java/jar/toolbox/optim.jar
a7506000-a751b000 r-xs 00000000 03:03 386357     /usr/local/matlab7/java/jar/toolbox/nnet.jar
a751b000-a7534000 r-xs 00000000 03:03 386361     /usr/local/matlab7/java/jar/toolbox/mdldisc.jar
a7534000-a754e000 r-xs 00000000 03:03 386352     /usr/local/matlab7/java/jar/toolbox/matlab/iofun.jar
a754e000-a767b000 r-xs 00000000 03:03 386350     /usr/local/matlab7/java/jar/toolbox/instrument.jar
a767b000-a76a8000 r-xs 00000000 03:03 386355     /usr/local/matlab7/java/jar/toolbox/images.jar
a76a8000-a76c3000 r-xs 00000000 03:03 386360     /usr/local/matlab7/java/jar/toolbox/eml.jar
a76c3000-a76fc000 r-xs 00000000 03:03 386366     /usr/local/matlab7/java/jar/toolbox/ecoder.jar
a76fc000-a771e000 r-xs 00000000 03:03 386359     /usr/local/matlab7/java/jar/toolbox/dastudio.jar
a771e000-a773e000 r-xs 00000000 03:03 386356     /usr/local/matlab7/java/jar/toolbox/control.jar
a773e000-a774c000 r-xp 00000000 03:03 224645     /usr/local/matlab7/bin/glnx86/libmwjmi_mi.so
a774c000-a774f000 rwxp 0000d000 03:03 224645     /usr/local/matlab7/bin/glnx86/libmwjmi_mi.so
a774f000-a775d000 r-xs 00000000 03:03 386347     /usr/local/matlab7/java/jar/services.jar
a775d000-a7859000 r-xs 00000000 03:03 386346     /usr/local/matlab7/java/jar/page.jar
a7859000-a7929000 r-xs 00000000 03:03 386345     /usr/local/matlab7/java/jar/org/netbeans.jar
a7929000-a79ee000 r-xs 00000000 03:03 386343     /usr/local/matlab7/java/jar/mwt.jar
a79ee000-a7ae0000 r-xs 00000000 03:03 386342     /usr/local/matlab7/java/jar/mwswing.jar
a7ae0000-a7b98000 r-xs 00000000 03:03 386341     /usr/local/matlab7/java/jar/mlwidgets.jar
a7b98000-a7ba6000 r-xs 00000000 03:03 386340     /usr/local/matlab7/java/jar/mlservices.jar
a7ba6000-a7cfa000 r-xs 00000000 03:03 386339     /usr/local/matlab7/java/jar/mde.jar
a7cfa000-a7d2e000 r-xs 00000000 03:03 386338     /usr/local/matlab7/java/jar/jmi.jar
a7d2e000-a7e2f000 r-xs 00000000 03:03 386337     /usr/local/matlab7/java/jar/ide.jar
a7e2f000-a7ed4000 r-xs 00000000 03:03 386336     /usr/local/matlab7/java/jar/ice.jar
a7ed4000-a7f36000 r-xs 00000000 03:03 386335     /usr/local/matlab7/java/jar/hg.jar
a7f36000-a7f3a000 r-xs 00000000 03:03 386334     /usr/local/matlab7/java/jar/download.jar
a7f3a000-a7f56000 r-xs 00000000 03:03 386333     /usr/local/matlab7/java/jar/beans.jar
a7f56000-a7f68000 r-xs 00000000 03:03 386332     /usr/local/matlab7/java/jar/agent.jar
a7f68000-a7ffa000 r-xs 00000000 03:03 386371     /usr/local/matlab7/java/jar/widgets.jar
a7ffa000-a8015000 r-xs 00000000 03:03 386369     /usr/local/matlab7/java/jar/util.jar
a8015000-a80d0000 r-xs 00000000 03:03 225932     /usr/local/matlab7/sys/java/jre/glnx86/jre1.4.2/lib/ext/localedata.jar
a80d0000-a80dd000 r-xs 00000000 03:03 225931     /usr/local/matlab7/sys/java/jre/glnx86/jre1.4.2/lib/ext/ldapsec.jar
a80dd000-a80f9000 r-xs 00000000 03:03 225933     /usr/local/matlab7/sys/java/jre/glnx86/jre1.4.2/lib/ext/sunjce_provider.jar
a82fd000-a84fd000 r-xp 00000000 03:02 422251     /usr/lib/locale/locale-archive
b0700000-b0703000 rwxs 00000000 00:07 18776073   /SYSV00000000 (deleted)
b27ac000-b2cf5000 r-xs 00000000 03:03 225921     /usr/local/matlab7/sys/java/jre/glnx86/jre1.4.2/lib/charsets.jar
b2cf5000-b2d06000 r-xs 00000000 03:03 226032     /usr/local/matlab7/sys/java/jre/glnx86/jre1.4.2/lib/jce.jar
b2d06000-b2ddf000 r-xs 00000000 03:03 226033     /usr/local/matlab7/sys/java/jre/glnx86/jre1.4.2/lib/jsse.jar
b2ddf000-b2df5000 r-xs 00000000 03:03 226084     /usr/local/matlab7/sys/java/jre/glnx86/jre1.4.2/lib/sunrsasign.jar
b2e3f000-b4528000 r-xs 00000000 03:03 226077     /usr/local/matlab7/sys/java/jre/glnx86/jre1.4.2/lib/rt.jar
b4528000-b453c000 r-xp 00000000 03:03 226012     /usr/local/matlab7/sys/java/jre/glnx86/jre1.4.2/lib/i386/libzip.so
b453c000-b453f000 rwxp 00013000 03:03 226012     /usr/local/matlab7/sys/java/jre/glnx86/jre1.4.2/lib/i386/libzip.so
b453f000-b4547000 r-xp 00000000 03:03 226014     /usr/local/matlab7/sys/java/jre/glnx86/jre1.4.2/lib/i386/native_threads/libhpi.so
b4547000-b4548000 rwxp 00007000 03:03 226014     /usr/local/matlab7/sys/java/jre/glnx86/jre1.4.2/lib/i386/native_threads/libhpi.so
b4588000-b4984000 r-xp 00000000 03:03 225986     /usr/local/matlab7/sys/java/jre/glnx86/jre1.4.2/lib/i386/client/libjvm.so
b4984000-b499f000 rwxp 003fb000 03:03 225986     /usr/local/matlab7/sys/java/jre/glnx86/jre1.4.2/lib/i386/client/libjvm.so
b49b1000-b49d1000 r-xp 00000000 03:03 225997     /usr/local/matlab7/sys/java/jre/glnx86/jre1.4.2/lib/i386/libjava.so
b49d1000-b49d3000 rwxp 0001f000 03:03 225997     /usr/local/matlab7/sys/java/jre/glnx86/jre1.4.2/lib/i386/libjava.so
b49d3000-b49ed000 r-xp 00000000 03:02 384129     /usr/X11R6/lib/X11/locale/lib/common/ximcp.so.2
b49ed000-b49ef000 rwxp 0001a000 03:02 384129     /usr/X11R6/lib/X11/locale/lib/common/ximcp.so.2
b49ef000-b49f1000 r-xp 00000000 03:02 384131     /usr/X11R6/lib/X11/locale/lib/common/xlcDef.so.2
b49f1000-b49f2000 rwxp 00001000 03:02 384131     /usr/X11R6/lib/X11/locale/lib/common/xlcDef.so.2
b54ff000-b579b000 r-xp 00000000 03:05 80249      /lib/libnss_ldap-2.3.3.so
b579b000-b57b0000 rwxp 0029b000 03:05 80249      /lib/libnss_ldap-2.3.3.so
b57be000-b57c7000 r-xp 00000000 03:05 80206      /lib/libnss_files-2.3.5.so
b57c7000-b57c8000 r-xp 00008000 03:05 80206      /lib/libnss_files-2.3.5.so
b57c8000-b57c9000 rwxp 00009000 03:05 80206      /lib/libnss_files-2.3.5.so
b57cb000-b57d1000 r-xp 00000000 03:03 224718     /usr/local/matlab7/bin/glnx86/libnativelex.so
b57d1000-b57d2000 rwxp 00005000 03:03 224718     /usr/local/matlab7/bin/glnx86/libnativelex.so
b57d2000-b57d5000 r-xp 00000000 03:03 224714     /usr/local/matlab7/bin/glnx86/libnativejava.so
b57d5000-b57d6000 rwxp 00002000 03:03 224714     /usr/local/matlab7/bin/glnx86/libnativejava.so
b57d6000-b57dc000 r-xs 00000000 03:03 386348     /usr/local/matlab7/java/jar/timer.jar
b57dc000-b57df000 r-xs 00000000 03:03 225930     /usr/local/matlab7/sys/java/jre/glnx86/jre1.4.2/lib/ext/dnsns.jar
b59e2000-b61d8000 r-xs 00000000 03:03 224581     /usr/local/matlab7/bin/glnx86/icudt24l.dat
b625a000-b6589000 r-xp 00000000 03:03 224583     /usr/local/matlab7/bin/glnx86/lapack.so
b6589000-b658b000 rwxp 0032e000 03:03 224583     /usr/local/matlab7/bin/glnx86/lapack.so
b668f000-b66bd000 r-xp 00000000 03:03 224611     /usr/local/matlab7/bin/glnx86/libmkl.so
b66bd000-b66bf000 rwxp 0002e000 03:03 224611     /usr/local/matlab7/bin/glnx86/libmkl.so
b66c4000-b66e4000 r-xp 00000000 03:03 224595     /usr/local/matlab7/bin/glnx86/libguide.so
b66e4000-b66e9000 rwxp 0001f000 03:03 224595     /usr/local/matlab7/bin/glnx86/libguide.so
b66f4000-b6766000 r-xp 00000000 03:03 224689     /usr/local/matlab7/bin/glnx86/libmwumfpackv4.3.so
b6766000-b6768000 rwxp 00071000 03:03 224689     /usr/local/matlab7/bin/glnx86/libmwumfpackv4.3.so
b6768000-b676d000 r-xp 00000000 03:03 224617     /usr/local/matlab7/bin/glnx86/libmwamd.so
b676d000-b676e000 rwxp 00004000 03:03 224617     /usr/local/matlab7/bin/glnx86/libmwamd.so
b676e000-b6772000 r-xp 00000000 03:03 224627     /usr/local/matlab7/bin/glnx86/libmwcolamd.so
b6772000-b6773000 rwxp 00003000 03:03 224627     /usr/local/matlab7/bin/glnx86/libmwcolamd.so
b6773000-b67f2000 r-xp 00000000 03:03 224590     /usr/local/matlab7/bin/glnx86/libfftw3f.so.3
b67f2000-b67f6000 rwxp 0007e000 03:03 224590     /usr/local/matlab7/bin/glnx86/libfftw3f.so.3
b67f6000-b6876000 r-xp 00000000 03:03 224587     /usr/local/matlab7/bin/glnx86/libfftw3.so.3
b6876000-b687a000 rwxp 0007f000 03:03 224587     /usr/local/matlab7/bin/glnx86/libfftw3.so.3
b687b000-b68a8000 r-xp 00000000 03:03 224647     /usr/local/matlab7/bin/glnx86/libmwlapack.so
b68a8000-b68ac000 rwxp 0002c000 03:03 224647     /usr/local/matlab7/bin/glnx86/libmwlapack.so
b68ad000-b68b4000 r-xp 00000000 03:02 388319     /usr/X11R6/lib/libXp.so.6.2
b68b4000-b68b5000 rwxp 00006000 03:02 388319     /usr/X11R6/lib/libXp.so.6.2
b68b5000-b6a42000 r-xp 00000000 03:03 224835     /usr/local/matlab7/sys/os/glnx86/libXm.so.2
b6a42000-b6a56000 rwxp 0018c000 03:03 224835     /usr/local/matlab7/sys/os/glnx86/libXm.so.2
b6a57000-b6bbd000 r-xp 00000000 03:03 224671     /usr/local/matlab7/bin/glnx86/libmwnumerics.so
b6bbd000-b6bd8000 rwxp 00165000 03:03 224671     /usr/local/matlab7/bin/glnx86/libmwnumerics.so
b6bd9000-b6c02000 r-xp 00000000 03:03 224635     /usr/local/matlab7/bin/glnx86/libmwhardcopy.so
b6c02000-b6c07000 rwxp 00028000 03:03 224635     /usr/local/matlab7/bin/glnx86/libmwhardcopy.so
b6c09000-b6c12000 r-xp 00000000 03:03 224641     /usr/local/matlab7/bin/glnx86/libmwir_xfmr.so
b6c12000-b6c14000 rwxp 00008000 03:03 224641     /usr/local/matlab7/bin/glnx86/libmwir_xfmr.so
b6c14000-b6c25000 r-xp 00000000 03:03 224657     /usr/local/matlab7/bin/glnx86/libmwm_pcodegen.so
b6c25000-b6c29000 rwxp 00010000 03:03 224657     /usr/local/matlab7/bin/glnx86/libmwm_pcodegen.so
b6c29000-b6c3b000 r-xp 00000000 03:03 224659     /usr/local/matlab7/bin/glnx86/libmwm_pcodeio.so
b6c3b000-b6c3f000 rwxp 00011000 03:03 224659     /usr/local/matlab7/bin/glnx86/libmwm_pcodeio.so
b6c3f000-b6c58000 r-xp 00000000 03:03 224665     /usr/local/matlab7/bin/glnx86/libmwmlib.so
b6c58000-b6c99000 rwxp 00018000 03:03 224665     /usr/local/matlab7/bin/glnx86/libmwmlib.so
b6c9a000-b6e9f000 r-xp 00000000 03:03 224701     /usr/local/matlab7/bin/glnx86/libxerces-c.so.21
b6e9f000-b6f02000 rwxp 00204000 03:03 224701     /usr/local/matlab7/bin/glnx86/libxerces-c.so.21
b6f03000-b6f1e000 r-xp 00000000 03:03 224629     /usr/local/matlab7/bin/glnx86/libmwdatasvcs.so
b6f1e000-b6f22000 rwxp 0001a000 03:03 224629     /usr/local/matlab7/bin/glnx86/libmwdatasvcs.so
b6f22000-b7050000 r-xp 00000000 03:03 224687     /usr/local/matlab7/bin/glnx86/libmwuix.so
b7050000-b706d000 rwxp 0012d000 03:03 224687     /usr/local/matlab7/bin/glnx86/libmwuix.so
b7071000-b70b9000 r-xp 00000000 03:03 224653     /usr/local/matlab7/bin/glnx86/libmwm_ir.so
b70b9000-b70e5000 rwxp 00047000 03:03 224653     /usr/local/matlab7/bin/glnx86/libmwm_ir.so
b70e5000-b70e9000 r-xp 00000000 03:03 224685     /usr/local/matlab7/bin/glnx86/libmwuinone.so
b70e9000-b70eb000 rwxp 00003000 03:03 224685     /usr/local/matlab7/bin/glnx86/libmwuinone.so
b70eb000-b7138000 r-xp 00000000 03:03 224683     /usr/local/matlab7/bin/glnx86/libmwudd_mi.so
b7138000-b7149000 rwxp 0004c000 03:03 224683     /usr/local/matlab7/bin/glnx86/libmwudd_mi.so
b714a000-b716a000 r-xp 00000000 03:03 224694     /usr/local/matlab7/bin/glnx86/libuij.so
b716a000-b7170000 rwxp 0001f000 03:03 224694     /usr/local/matlab7/bin/glnx86/libuij.so
b7170000-b72d3000 r-xp 00000000 03:03 224637     /usr/local/matlab7/bin/glnx86/libmwhg.so
b72d3000-b732a000 rwxp 00162000 03:03 224637     /usr/local/matlab7/bin/glnx86/libmwhg.so
b732c000-b737a000 r-xp 00000000 03:03 224633     /usr/local/matlab7/bin/glnx86/libmwgui.so
b737a000-b73b5000 rwxp 0004d000 03:03 224633     /usr/local/matlab7/bin/glnx86/libmwgui.so
b73b6000-b7448000 r-xp 00000000 03:03 224661     /usr/local/matlab7/bin/glnx86/libmwmcos.so
b7448000-b7467000 rwxp 00091000 03:03 224661     /usr/local/matlab7/bin/glnx86/libmwmcos.so
b7468000-b746f000 r-xp 00000000 03:03 224608     /usr/local/matlab7/bin/glnx86/libmat.so
b746f000-b7471000 rwxp 00006000 03:03 224608     /usr/local/matlab7/bin/glnx86/libmat.so
b7472000-b7475000 r-xp 00000000 03:03 224847     /usr/local/matlab7/sys/os/glnx86/libtermcap.so
b7475000-b7476000 rwxp 00002000 03:03 224847     /usr/local/matlab7/sys/os/glnx86/libtermcap.so
b7476000-b74ff000 r-xp 00000000 03:03 224681     /usr/local/matlab7/bin/glnx86/libmwudd.so
b74ff000-b7524000 rwxp 00088000 03:03 224681     /usr/local/matlab7/bin/glnx86/libmwudd.so
b7525000-b7608000 r-xp 00000000 03:03 224655     /usr/local/matlab7/bin/glnx86/libmwm_parser.so
b7608000-b7782000 rwxp 000e2000 03:03 224655     /usr/local/matlab7/bin/glnx86/libmwm_parser.so
b7783000-b778c000 r-xp 00000000 03:03 224610     /usr/local/matlab7/bin/glnx86/libmex.so
b778c000-b778f000 rwxp 00008000 03:03 224610     /usr/local/matlab7/bin/glnx86/libmex.so
b778f000-b77a1000 r-xp 00000000 03:03 224667     /usr/local/matlab7/bin/glnx86/libmwmpath.so
b77a1000-b77a6000 rwxp 00011000 03:03 224667     /usr/local/matlab7/bin/glnx86/libmwmpath.so
b77a9000-b77b5000 r-xp 00000000 03:03 224703     /usr/local/matlab7/bin/glnx86/libz.so
b77b5000-b77b8000 rwxp 0000b000 03:03 224703     /usr/local/matlab7/bin/glnx86/libz.so
b77b8000-b77c4000 r-xp 00000000 03:03 224696     /usr/local/matlab7/bin/glnx86/libustdio.so.24
b77c4000-b77c7000 rwxp 0000b000 03:03 224696     /usr/local/matlab7/bin/glnx86/libustdio.so.24
b77c7000-b784d000 r-xp 00000000 03:03 224605     /usr/local/matlab7/bin/glnx86/libicuuc.so.24
b784d000-b785e000 rwxp 00085000 03:03 224605     /usr/local/matlab7/bin/glnx86/libicuuc.so.24
b785e000-b7901000 r-xp 00000000 03:03 224602     /usr/local/matlab7/bin/glnx86/libicui18n.so.24
b7901000-b791a000 rwxp 000a2000 03:03 224602     /usr/local/matlab7/bin/glnx86/libicui18n.so.24
b791b000-b791c000 r-xp 00000000 03:03 224599     /usr/local/matlab7/bin/glnx86/libicudata.so.24
b791c000-b791d000 rwxp 00000000 03:03 224599     /usr/local/matlab7/bin/glnx86/libicudata.so.24
b791d000-b7923000 r-xp 00000000 03:03 224841     /usr/local/matlab7/sys/os/glnx86/libgcc_s.so.1
b7923000-b7925000 rwxp 00005000 03:03 224841     /usr/local/matlab7/sys/os/glnx86/libgcc_s.so.1
b7925000-b79ae000 r-xp 00000000 03:03 224845     /usr/local/matlab7/sys/os/glnx86/libstdc++.so.5
b79ae000-b79c5000 rwxp 00088000 03:03 224845     /usr/local/matlab7/sys/os/glnx86/libstdc++.so.5
b79cb000-b79cf000 rwxs 00000000 03:06 144301     /tmp/hsperfdata_russell/31795
b79cf000-b79df000 r-xp 00000000 03:03 226011     /usr/local/matlab7/sys/java/jre/glnx86/jre1.4.2/lib/i386/libverify.so
b79df000-b79e1000 rwxp 0000f000 03:03 226011     /usr/local/matlab7/sys/java/jre/glnx86/jre1.4.2/lib/i386/libverify.so
b79e1000-b7c16000 r-xp 00000000 03:03 224651     /usr/local/matlab7/bin/glnx86/libmwm_interpreter.so
b7c16000-b7c7f000 rwxp 00234000 03:03 224651     /usr/local/matlab7/bin/glnx86/libmwm_interpreter.so
b7ca0000-b7d13000 r-xp 00000000 03:03 224649     /usr/local/matlab7/bin/glnx86/libmwm_dispatcher.so
b7d13000-b7d26000 rwxp 00072000 03:03 224649     /usr/local/matlab7/bin/glnx86/libmwm_dispatcher.so
b7d26000-b7d33000 r-xp 00000000 03:03 224669     /usr/local/matlab7/bin/glnx86/libmwmvalue.so
b7d33000-b7d37000 rwxp 0000c000 03:03 224669     /usr/local/matlab7/bin/glnx86/libmwmvalue.so
b7d37000-b7d4a000 r-xp 00000000 03:03 224663     /usr/local/matlab7/bin/glnx86/libmwmcr.so
b7d4a000-b7d4e000 rwxp 00012000 03:03 224663     /usr/local/matlab7/bin/glnx86/libmwmcr.so
b7d4f000-b7dcd000 r-xp 00000000 03:03 224621     /usr/local/matlab7/bin/glnx86/libmwbridge.so
b7dcd000-b7dd9000 rwxp 0007d000 03:03 224621     /usr/local/matlab7/bin/glnx86/libmwbridge.so
b7de1000-b7e0d000 r-xp 00000000 03:03 224643     /usr/local/matlab7/bin/glnx86/libmwjmi.so
b7e0d000-b7e18000 rwxp 0002b000 03:03 224643     /usr/local/matlab7/bin/glnx86/libmwjmi.so
b7e19000-b7e95000 r-xp 00000000 03:03 224677     /usr/local/matlab7/bin/glnx86/libmwservices.so
b7e95000-b7ea4000 rwxp 0007b000 03:03 224677     /usr/local/matlab7/bin/glnx86/libmwservices.so
b7eaf000-b7eee000 r-xp 00000000 03:03 224691     /usr/local/matlab7/bin/glnx86/libmx.so
b7eee000-b7ef8000 rwxp 0003e000 03:03 224691     /usr/local/matlab7/bin/glnx86/libmx.so
b7ef8000-b7f65000 r-xp 00000000 03:03 224699     /usr/local/matlab7/bin/glnx86/libut.so
b7f65000-b7f79000 rwxp 0006c000 03:03 224699     /usr/local/matlab7/bin/glnx86/libut.so
bfc48000-bfc97000 rwxp bfc48000 00:00 0          [stack]

Heap at VM Abort:
Heap
 def new generation   total 1216K, used 240K [0xa8700000, 0xa8850000, 0xa8be0000)
  eden space 1088K,  18% used [0xa8700000, 0xa8731a50, 0xa8810000)
  from space 128K,  32% used [0xa8830000, 0xa883a7a0, 0xa8850000)
  to   space 128K,   0% used [0xa8810000, 0xa8810000, 0xa8830000)
 tenured generation   total 15168K, used 8058K [0xa8be0000, 0xa9ab0000, 0xac700000)
   the space 15168K,  53% used [0xa8be0000, 0xa93beb60, 0xa93bec00, 0xa9ab0000)
 compacting perm gen  total 16128K, used 16050K [0xac700000, 0xad6c0000, 0xb0700000)
   the space 16128K,  99% used [0xac700000, 0xad6aca10, 0xad6acc00, 0xad6c0000)

Local Time = Sat Aug  6 18:44:12 2005
Elapsed Time = 114
#
# HotSpot Virtual Machine Error : 11
# Error ID : 4F530E43505002EF
# Please report this error at
# http://java.sun.com/cgi-bin/bugreport.cgi
#
# Java VM: Java HotSpot(TM) Client VM (1.4.2_05-b04 mixed mode)
#
